<?xml version="1.0" encoding="UTF-8"?>
<!-- Generated by org.testng.reporters.JUnitXMLReporter -->
<testsuite ignored="0" hostname="LAPTOP-CQL946G0" failures="2" tests="3" name="DemoSuite" time="22.002" errors="0" timestamp="2024-06-20T10:05:53 IST">
  <testcase classname="TestNG.LoginTest" name="loginOperation" time="5.618"/>
  <testcase classname="TestNG.LoginTest" name="validateLoginByText" time="3.567">
    <failure type="java.lang.AssertionError" message="The following asserts failed:
	Validation of login by Text got failed.. expected [Dashboard123] but found [Dashboard]">
      <![CDATA[java.lang.AssertionError: The following asserts failed:
Validation of login by Text got failed.. expected [Dashboard123] but found [Dashboard]
at TestNG.LoginTest.validateLoginByText(LoginTest.java:79)
at java.base/java.util.ArrayList.forEach(ArrayList.java:1596)
... Removed 27 stack frames]]>
    </failure>
  </testcase> <!-- validateLoginByText -->
  <testcase classname="TestNG.LoginTest" name="validateLoginByUrl" time="0.028">
    <failure type="java.lang.AssertionError" message="Validate Login By Url Failed.. expected [https://opensource-demo.orangehrmlive.com/web/index.php/dashboard/index1] but found [https://opensource-demo.orangehrmlive.com/web/index.php/dashboard/index]">
      <![CDATA[java.lang.AssertionError: Validate Login By Url Failed.. expected [https://opensource-demo.orangehrmlive.com/web/index.php/dashboard/index1] but found [https://opensource-demo.orangehrmlive.com/web/index.php/dashboard/index]
at TestNG.LoginTest.validateLoginByUrl(LoginTest.java:54)
at java.base/java.util.ArrayList.forEach(ArrayList.java:1596)
... Removed 30 stack frames]]>
    </failure>
  </testcase> <!-- validateLoginByUrl -->
</testsuite> <!-- DemoSuite -->
