<?xml version="1.0" encoding="UTF-8"?>
<testng-results ignored="0" total="1" passed="1" failed="0" skipped="0">
  <reporter-output>
  </reporter-output>
  <suite started-at="2024-07-05T10:11:16 IST" name="Default suite" finished-at="2024-07-05T10:11:26 IST" duration-ms="9388">
    <groups>
    </groups>
    <test started-at="2024-07-05T10:11:16 IST" name="Default test" finished-at="2024-07-05T10:11:26 IST" duration-ms="9388">
      <class name="waits.WaitsDemo">
        <test-method is-config="true" signature="setUp()[pri:0, instance:waits.WaitsDemo@515c6049]" started-at="2024-07-05T10:11:16 IST" name="setUp" finished-at="2024-07-05T10:11:24 IST" duration-ms="7673" status="PASS">
          <reporter-output>
          </reporter-output>
        </test-method> <!-- setUp -->
        <test-method signature="uploadOperation()[pri:1, instance:waits.WaitsDemo@515c6049]" started-at="2024-07-05T10:11:24 IST" name="uploadOperation" finished-at="2024-07-05T10:11:26 IST" duration-ms="1669" status="PASS">
          <reporter-output>
          </reporter-output>
        </test-method> <!-- uploadOperation -->
      </class> <!-- waits.WaitsDemo -->
    </test> <!-- Default test -->
  </suite> <!-- Default suite -->
</testng-results>
